[2012-09-25 01:45:12.219] [DEBUG] app - log4js initialized
[2012-09-25 01:45:12.287] [DEBUG] app - in prefabLIB
[2012-09-25 01:45:12.320] [DEBUG] app - in prefabWEBADMIN index
[2012-09-25 01:46:22.345] [DEBUG] app - log4js initialized
[2012-09-25 01:46:22.414] [DEBUG] app - in prefabLIB
[2012-09-25 01:46:22.448] [DEBUG] app - in prefabWEBADMIN index
[2012-09-25 01:48:49.384] [DEBUG] app - log4js initialized
[2012-09-25 01:48:49.455] [DEBUG] app - in prefabLIB
[2012-09-25 01:48:49.489] [DEBUG] app - in prefabWEBADMIN index
[2012-09-25 01:50:37.824] [DEBUG] app - log4js initialized
[2012-09-25 01:50:37.895] [DEBUG] app - in prefabLIB
[2012-09-25 01:50:37.929] [DEBUG] app - in prefabWEBADMIN index
[2012-09-25 01:50:37.938] [DEBUG] app - received port: 11589
[2012-09-25 01:54:00.935] [DEBUG] app - log4js initialized
[2012-09-25 01:54:01.004] [DEBUG] app - in prefabLIB
[2012-09-25 01:54:01.036] [DEBUG] app - in prefabWEBADMIN index
[2012-09-25 01:54:01.043] [DEBUG] app - received port: 10908
[2012-09-25 01:59:18.828] [DEBUG] app - log4js initialized
[2012-09-25 01:59:18.898] [DEBUG] app - in prefabLIB
[2012-09-25 01:59:18.931] [DEBUG] app - in prefabWEBADMIN index
[2012-09-25 01:59:18.938] [DEBUG] app - received port: 11615
[2012-09-25 01:59:53.678] [DEBUG] app - log4js initialized
[2012-09-25 01:59:53.747] [DEBUG] app - in prefabLIB
[2012-09-25 01:59:53.781] [DEBUG] app - in prefabWEBADMIN index
[2012-09-25 01:59:53.788] [DEBUG] app - received port: 13442
[2012-09-25 02:00:52.098] [DEBUG] app - log4js initialized
[2012-09-25 02:00:52.170] [DEBUG] app - in prefabLIB
[2012-09-25 02:00:52.205] [DEBUG] app - in prefabWEBADMIN index
[2012-09-25 02:00:52.212] [DEBUG] app - received port: 19662
[2012-09-25 02:01:36.396] [DEBUG] app - log4js initialized
[2012-09-25 02:01:36.466] [DEBUG] app - in prefabLIB
[2012-09-25 02:01:36.499] [DEBUG] app - in prefabWEBADMIN index
[2012-09-25 02:01:36.506] [DEBUG] app - received port: 13351
[2012-09-25 02:04:42.146] [DEBUG] app - log4js initialized
[2012-09-25 02:04:42.217] [DEBUG] app - in prefabLIB
[2012-09-25 02:04:42.251] [DEBUG] app - in prefabWEBADMIN index
[2012-09-25 02:04:42.260] [DEBUG] app - received port: 17940
[2012-09-25 02:05:39.964] [DEBUG] app - log4js initialized
[2012-09-25 02:05:40.035] [DEBUG] app - in prefabLIB
[2012-09-25 02:05:40.069] [DEBUG] app - in prefabWEBADMIN index
[2012-09-25 02:05:40.077] [DEBUG] app - received port: 15114
[2012-09-25 02:06:26.909] [DEBUG] app - log4js initialized
[2012-09-25 02:06:26.978] [DEBUG] app - in prefabLIB
[2012-09-25 02:06:27.011] [DEBUG] app - in prefabWEBADMIN index
[2012-09-25 02:06:27.019] [DEBUG] app - received port: 14553
[2012-09-25 02:06:36.154] [DEBUG] app - log4js initialized
[2012-09-25 02:06:36.223] [DEBUG] app - in prefabLIB
[2012-09-25 02:06:36.255] [DEBUG] app - in prefabWEBADMIN index
[2012-09-25 02:06:36.262] [DEBUG] app - received port: 12511
[2012-09-25 02:07:30.060] [DEBUG] app - log4js initialized
[2012-09-25 02:07:30.130] [DEBUG] app - in prefabLIB
[2012-09-25 02:07:30.163] [DEBUG] app - in prefabWEBADMIN index
[2012-09-25 02:07:30.170] [DEBUG] app - received port: 11293
[2012-09-25 02:09:31.807] [DEBUG] app - log4js initialized
[2012-09-25 02:09:31.878] [DEBUG] app - in prefabLIB
[2012-09-25 02:09:31.913] [DEBUG] app - in prefabWEBADMIN index
[2012-09-25 02:10:22.894] [DEBUG] app - log4js initialized
[2012-09-25 02:10:22.964] [DEBUG] app - in prefabLIB
[2012-09-25 02:10:22.997] [DEBUG] app - in prefabWEBADMIN index
[2012-09-25 02:11:12.394] [DEBUG] app - log4js initialized
[2012-09-25 02:11:12.465] [DEBUG] app - in prefabLIB
[2012-09-25 02:11:12.498] [DEBUG] app - in prefabWEBADMIN index
[2012-09-25 02:11:29.105] [DEBUG] app - log4js initialized
[2012-09-25 02:11:29.179] [DEBUG] app - in prefabLIB
[2012-09-25 02:11:29.213] [DEBUG] app - in prefabWEBADMIN index
[2012-09-25 02:11:29.214] [DEBUG] app - undefined
[2012-09-25 02:11:40.726] [DEBUG] app - log4js initialized
[2012-09-25 02:11:40.795] [DEBUG] app - in prefabLIB
[2012-09-25 02:11:40.828] [DEBUG] app - in prefabWEBADMIN index
[2012-09-25 02:11:40.828] [DEBUG] app - undefined
[2012-09-25 02:12:24.035] [DEBUG] app - log4js initialized
[2012-09-25 02:12:24.106] [DEBUG] app - in prefabLIB
[2012-09-25 02:12:24.139] [DEBUG] app - in prefabWEBADMIN index
[2012-09-25 02:12:24.139] [DEBUG] app - { trace: [Function: trace],
  debug: [Function: debug],
  info: [Function: info],
  warn: [Function: warn],
  fatal: [Function: fatal] }
[2012-09-25 02:12:24.140] [DEBUG] app - { runSeaport: [Function: runSeaport] }
[2012-09-25 02:12:24.140] [DEBUG] app - { connect: [Function], createServer: [Function] }
[2012-09-25 02:12:24.142] [DEBUG] app - { parsers: { name: 'parsers', constructor: [Function], max: 1000, list: [] },
  STATUS_CODES: 
   { '100': 'Continue',
     '101': 'Switching Protocols',
     '102': 'Processing',
     '200': 'OK',
     '201': 'Created',
     '202': 'Accepted',
     '203': 'Non-Authoritative Information',
     '204': 'No Content',
     '205': 'Reset Content',
     '206': 'Partial Content',
     '207': 'Multi-Status',
     '300': 'Multiple Choices',
     '301': 'Moved Permanently',
     '302': 'Moved Temporarily',
     '303': 'See Other',
     '304': 'Not Modified',
     '305': 'Use Proxy',
     '307': 'Temporary Redirect',
     '400': 'Bad Request',
     '401': 'Unauthorized',
     '402': 'Payment Required',
     '403': 'Forbidden',
     '404': 'Not Found',
     '405': 'Method Not Allowed',
     '406': 'Not Acceptable',
     '407': 'Proxy Authentication Required',
     '408': 'Request Time-out',
     '409': 'Conflict',
     '410': 'Gone',
     '411': 'Length Required',
     '412': 'Precondition Failed',
     '413': 'Request Entity Too Large',
     '414': 'Request-URI Too Large',
     '415': 'Unsupported Media Type',
     '416': 'Requested Range Not Satisfiable',
     '417': 'Expectation Failed',
     '418': 'I\'m a teapot',
     '422': 'Unprocessable Entity',
     '423': 'Locked',
     '424': 'Failed Dependency',
     '425': 'Unordered Collection',
     '426': 'Upgrade Required',
     '428': 'Precondition Required',
     '429': 'Too Many Requests',
     '431': 'Request Header Fields Too Large',
     '500': 'Internal Server Error',
     '501': 'Not Implemented',
     '502': 'Bad Gateway',
     '503': 'Service Unavailable',
     '504': 'Gateway Time-out',
     '505': 'HTTP Version not supported',
     '506': 'Variant Also Negotiates',
     '507': 'Insufficient Storage',
     '509': 'Bandwidth Limit Exceeded',
     '510': 'Not Extended',
     '511': 'Network Authentication Required' },
  IncomingMessage: 
   { [Function: IncomingMessage]
     super_: { [Function: Stream] super_: [Function: EventEmitter], Stream: [Circular] } },
  OutgoingMessage: 
   { [Function: OutgoingMessage]
     super_: { [Function: Stream] super_: [Function: EventEmitter], Stream: [Circular] } },
  ServerResponse: { [Function: ServerResponse] super_: { [Function: OutgoingMessage] super_: [Object] } },
  Agent: { [Function: Agent] super_: [Function: EventEmitter], defaultMaxSockets: 5 },
  globalAgent: 
   { options: {},
     requests: {},
     sockets: {},
     maxSockets: 5,
     _events: { free: [Function] },
     createConnection: [Function] },
  ClientRequest: { [Function: ClientRequest] super_: { [Function: OutgoingMessage] super_: [Object] } },
  request: [Function],
  get: [Function],
  Server: 
   { [Function: Server]
     super_: { [Function: Server] super_: [Function: EventEmitter] } },
  createServer: [Function],
  _connectionListener: [Function: connectionListener],
  Client: [Function: deprecated],
  createClient: [Function: deprecated] }
[2012-09-25 02:12:24.147] [DEBUG] app - undefined
[2012-09-25 02:13:40.678] [DEBUG] app - log4js initialized
[2012-09-25 02:13:40.752] [DEBUG] app - in prefabLIB
[2012-09-25 02:13:40.787] [DEBUG] app - in prefabWEBADMIN index
[2012-09-25 02:13:40.787] [DEBUG] app - undefined
[2012-09-25 02:15:58.253] [DEBUG] app - log4js initialized
[2012-09-25 02:15:58.321] [DEBUG] app - in prefabLIB
[2012-09-25 02:15:58.355] [DEBUG] app - in prefabWEBADMIN index
[2012-09-25 02:15:58.355] [DEBUG] app - undefined
[2012-09-25 02:16:29.778] [DEBUG] app - log4js initialized
[2012-09-25 02:16:29.849] [DEBUG] app - in prefabLIB
[2012-09-25 02:16:29.882] [DEBUG] app - in prefabWEBADMIN index
[2012-09-25 02:16:29.882] [DEBUG] app - undefined
[2012-09-25 02:18:43.501] [DEBUG] app - log4js initialized
[2012-09-25 02:18:43.570] [DEBUG] app - in prefabLIB
[2012-09-25 02:18:43.603] [DEBUG] app - in prefabWEBADMIN index
[2012-09-25 02:18:43.604] [DEBUG] app - undefined
[2012-09-25 02:20:37.532] [DEBUG] app - log4js initialized
[2012-09-25 02:20:37.602] [DEBUG] app - in prefabLIB
[2012-09-25 02:20:37.634] [DEBUG] app - in prefabWEBADMIN index
[2012-09-25 02:20:37.635] [DEBUG] app - undefined
[2012-09-25 02:22:12.735] [DEBUG] app - log4js initialized
[2012-09-25 02:22:12.810] [DEBUG] app - in prefabLIB
[2012-09-25 02:22:12.842] [DEBUG] app - in prefabWEBADMIN index
[2012-09-25 02:22:12.842] [DEBUG] app - undefined
[2012-09-25 02:45:52.434] [DEBUG] app - log4js initialized
[2012-09-25 02:45:52.584] [DEBUG] app - in prefabWEBADMIN app
[2012-09-25 02:45:52.584] [DEBUG] app - routes:[object Object]
[2012-09-25 02:45:52.585] [DEBUG] app - user:undefined
[2012-09-25 02:47:02.898] [DEBUG] app - log4js initialized
[2012-09-25 02:47:03.054] [DEBUG] app - in prefabWEBADMIN app
[2012-09-25 02:47:03.055] [DEBUG] app - routes:[object Object]
[2012-09-25 02:47:03.055] [DEBUG] app - user:undefined
[2012-09-25 02:47:34.689] [DEBUG] app - log4js initialized
[2012-09-25 02:47:34.838] [DEBUG] app - in prefabWEBADMIN app
[2012-09-25 02:47:34.838] [DEBUG] app - routes:[object Object]
[2012-09-25 02:47:34.839] [DEBUG] app - user:undefined
[2012-09-25 02:49:04.052] [DEBUG] app - log4js initialized
[2012-09-25 02:49:04.224] [DEBUG] app - in prefabWEBADMIN app
[2012-09-25 02:49:04.225] [DEBUG] app - routes:[object Object]
[2012-09-25 02:49:04.225] [DEBUG] app - user:[object Object]
[2012-09-25 02:49:41.614] [DEBUG] app - log4js initialized
[2012-09-25 02:49:41.682] [DEBUG] app - in prefabLIB
[2012-09-25 02:49:41.713] [DEBUG] app - in prefabWEBADMIN index
[2012-09-25 02:49:41.723] [DEBUG] app - received port: 18148
[2012-09-25 02:50:13.778] [DEBUG] app - log4js initialized
[2012-09-25 02:50:13.848] [DEBUG] app - in prefabLIB
[2012-09-25 02:50:13.880] [DEBUG] app - in prefabWEBADMIN index
[2012-09-25 02:50:13.887] [DEBUG] app - received port: 18522
[2012-09-25 02:58:06.249] [DEBUG] app - log4js initialized
[2012-09-25 02:58:06.319] [DEBUG] app - in prefabLIB
[2012-09-25 02:58:06.486] [DEBUG] app - in prefabWEBADMIN app
[2012-09-25 02:58:06.498] [DEBUG] app - received port: 11613
[2012-09-25 02:58:19.616] [DEBUG] app - log4js initialized
[2012-09-25 02:58:19.685] [DEBUG] app - in prefabLIB
[2012-09-25 02:58:19.858] [DEBUG] app - in prefabWEBADMIN app
[2012-09-25 02:58:20.883] [DEBUG] app - received port: 16486
[2012-09-25 03:00:35.937] [DEBUG] app - log4js initialized
[2012-09-25 03:00:36.005] [DEBUG] app - in prefabLIB
[2012-09-25 03:00:36.176] [DEBUG] app - in prefabWEBADMIN app
[2012-09-25 03:00:37.195] [DEBUG] app - received port: 12933
[2012-09-25 03:01:49.560] [DEBUG] app - log4js initialized
[2012-09-25 03:01:49.629] [DEBUG] app - in prefabWEBADMIN index
[2012-09-25 03:02:30.443] [DEBUG] app - log4js initialized
[2012-09-25 03:02:30.506] [DEBUG] app - in prefabWEBADMIN index
[2012-09-25 03:03:04.400] [DEBUG] app - log4js initialized
[2012-09-25 03:03:04.468] [DEBUG] app - in prefabWEBADMIN index
[2012-09-25 03:03:04.469] [DEBUG] app - ports[object Object]
[2012-09-25 03:03:17.172] [DEBUG] app - log4js initialized
[2012-09-25 03:03:17.237] [DEBUG] app - in prefabWEBADMIN index
[2012-09-25 03:03:17.238] [DEBUG] app - ports[object Object]
[2012-09-25 03:05:29.301] [DEBUG] app - log4js initialized
[2012-09-25 03:05:29.366] [DEBUG] app - in prefabWEBADMIN index
[2012-09-25 03:05:29.368] [DEBUG] app - ports[object Object]
[2012-09-25 03:05:52.247] [DEBUG] app - log4js initialized
[2012-09-25 03:05:52.312] [DEBUG] app - in prefabWEBADMIN index
[2012-09-25 03:05:52.313] [DEBUG] app - ports[object Object]
[2012-09-25 03:05:52.317] [DEBUG] app - uhttp://127.0.0.1:12933
[2012-09-25 03:07:23.737] [DEBUG] app - log4js initialized
[2012-09-25 03:07:23.805] [DEBUG] app - in prefabWEBADMIN index
[2012-09-25 03:07:23.807] [DEBUG] app - ports[object Object]
[2012-09-25 03:07:23.810] [DEBUG] app - uhttp://127.0.0.1:12933
[2012-09-25 03:09:30.021] [DEBUG] app - log4js initialized
[2012-09-25 03:09:30.088] [DEBUG] app - in prefabWEBADMIN index
[2012-09-25 03:09:30.089] [DEBUG] app - ports[object Object]
[2012-09-25 03:09:30.093] [DEBUG] app - uhttp://127.0.0.1:12933
[2012-09-25 03:09:59.048] [DEBUG] app - log4js initialized
[2012-09-25 03:09:59.116] [DEBUG] app - in prefabWEBADMIN index
[2012-09-25 03:09:59.118] [DEBUG] app - ports[object Object]
[2012-09-25 03:09:59.124] [DEBUG] app - uhttp://localhost:12933
[2012-09-25 03:10:59.892] [DEBUG] app - log4js initialized
[2012-09-25 03:10:59.959] [DEBUG] app - in prefabWEBADMIN index
[2012-09-25 03:10:59.960] [DEBUG] app - ports[object Object]
[2012-09-25 03:10:59.964] [DEBUG] app - uhttp://127.0.0.1:12933
[2012-09-25 03:13:44.037] [DEBUG] app - log4js initialized
[2012-09-25 03:13:44.104] [DEBUG] app - in prefabLIB
[2012-09-25 03:13:44.277] [DEBUG] app - in prefabWEBADMIN app
[2012-09-25 03:13:45.298] [DEBUG] app - received port: 12599
[2012-09-25 03:15:28.368] [DEBUG] app - log4js initialized
[2012-09-25 03:15:28.433] [DEBUG] app - in prefabWEBADMIN index
[2012-09-25 03:15:28.434] [DEBUG] app - ports[object Object]
[2012-09-25 03:15:36.228] [DEBUG] app - log4js initialized
[2012-09-25 03:15:36.297] [DEBUG] app - in prefabLIB
[2012-09-25 03:15:36.386] [DEBUG] app - in prefabWEBADMIN app
[2012-09-25 03:15:36.386] [DEBUG] app - received port: 6666
[2012-09-25 03:16:58.580] [DEBUG] app - log4js initialized
[2012-09-25 03:16:58.651] [DEBUG] app - in prefabLIB
[2012-09-25 03:16:58.738] [DEBUG] app - in prefabWEBADMIN app
[2012-09-25 03:16:58.739] [DEBUG] app - received port: 6666
[2012-09-25 03:20:01.927] [DEBUG] app - log4js initialized
[2012-09-25 03:20:01.998] [DEBUG] app - in prefabLIB
[2012-09-25 03:21:59.280] [DEBUG] app - log4js initialized
[2012-09-25 03:21:59.350] [DEBUG] app - in prefabLIB
[2012-09-25 03:22:26.112] [DEBUG] app - log4js initialized
[2012-09-25 03:22:26.182] [DEBUG] app - in prefabLIB
[2012-09-25 03:23:03.777] [DEBUG] app - log4js initialized
[2012-09-25 03:23:03.846] [DEBUG] app - in prefabLIB
[2012-09-25 03:23:24.551] [DEBUG] app - log4js initialized
[2012-09-25 03:23:24.619] [DEBUG] app - in prefabLIB
[2012-09-25 03:23:52.788] [DEBUG] app - log4js initialized
[2012-09-25 03:23:52.854] [DEBUG] app - in prefabWEBADMIN index
[2012-09-25 03:23:52.856] [DEBUG] app - ports[object Object]
[2012-09-25 03:23:52.861] [DEBUG] app - uhttp://127.0.0.1:18962
