[2012-10-08 09:14:21.673] [TRACE] app - trace test from ps-log4js.js
[2012-10-08 09:14:21.674] [DEBUG] app - debug test from ps-log4js.js
[2012-10-08 09:14:21.675] [INFO] app - info test from ps-log4js.js
[2012-10-08 09:14:21.675] [WARN] app - warn test from ps-log4js.js
[2012-10-08 09:14:21.675] [ERROR] app - error test from ps-log4js.js
[2012-10-08 09:14:21.676] [FATAL] app - fatal test from ps-log4js.js
[2012-10-08 09:14:21.676] [DEBUG] app - log4js initialized
[2012-10-08 09:14:21.677] [DEBUG] app - wtf
[2012-10-08 09:16:03.503] [TRACE] app - trace test from ps-log4js.js
[2012-10-08 09:16:03.504] [DEBUG] app - debug test from ps-log4js.js
[2012-10-08 09:16:03.507] [INFO] app - info test from ps-log4js.js
[2012-10-08 09:16:03.508] [WARN] app - warn test from ps-log4js.js
[2012-10-08 09:16:03.509] [ERROR] app - error test from ps-log4js.js
[2012-10-08 09:16:03.509] [FATAL] app - fatal test from ps-log4js.js
[2012-10-08 09:16:03.510] [DEBUG] app - log4js initialized
[2012-10-08 09:16:29.571] [TRACE] app - trace test from ps-log4js.js
[2012-10-08 09:16:29.572] [DEBUG] app - debug test from ps-log4js.js
[2012-10-08 09:16:29.575] [INFO] app - info test from ps-log4js.js
[2012-10-08 09:16:29.576] [WARN] app - warn test from ps-log4js.js
[2012-10-08 09:16:29.577] [ERROR] app - error test from ps-log4js.js
[2012-10-08 09:16:29.577] [FATAL] app - fatal test from ps-log4js.js
[2012-10-08 09:16:29.578] [DEBUG] app - log4js initialized
[2012-10-08 09:16:41.589] [TRACE] app - trace test from ps-log4js.js
[2012-10-08 09:16:41.591] [DEBUG] app - debug test from ps-log4js.js
[2012-10-08 09:16:41.592] [INFO] app - info test from ps-log4js.js
[2012-10-08 09:16:41.592] [WARN] app - warn test from ps-log4js.js
[2012-10-08 09:16:41.592] [ERROR] app - error test from ps-log4js.js
[2012-10-08 09:16:41.593] [FATAL] app - fatal test from ps-log4js.js
[2012-10-08 09:16:41.593] [DEBUG] app - log4js initialized
[2012-10-08 09:47:31.827] [TRACE] app - trace test from ps-log4js.js
[2012-10-08 09:47:31.829] [DEBUG] app - debug test from ps-log4js.js
[2012-10-08 09:47:31.830] [INFO] app - info test from ps-log4js.js
[2012-10-08 09:47:31.830] [WARN] app - warn test from ps-log4js.js
[2012-10-08 09:47:31.831] [ERROR] app - error test from ps-log4js.js
[2012-10-08 09:47:31.831] [FATAL] app - fatal test from ps-log4js.js
[2012-10-08 09:47:31.836] [DEBUG] app - log4js initialized
